<?xml version="1.0" encoding="UTF-8"?>
<testng-results ignored="0" total="1" passed="1" failed="0" skipped="0">
  <reporter-output>
  </reporter-output>
  <suite started-at="2023-09-27T12:45:37 IST" name="Default suite" finished-at="2023-09-27T12:46:20 IST" duration-ms="43148">
    <groups>
    </groups>
    <test started-at="2023-09-27T12:45:37 IST" name="Default test" finished-at="2023-09-27T12:46:20 IST" duration-ms="43148">
      <class name="LambdaTest.ProjectLambdaTest.TestScenario3">
        <test-method is-config="true" signature="setUp()[pri:0, instance:LambdaTest.ProjectLambdaTest.TestScenario3@56528192]" started-at="2023-09-27T12:45:37 IST" name="setUp" finished-at="2023-09-27T12:45:46 IST" duration-ms="9205" status="PASS">
          <reporter-output>
          </reporter-output>
        </test-method> <!-- setUp -->
        <test-method signature="testCase03()[pri:0, instance:LambdaTest.ProjectLambdaTest.TestScenario3@56528192]" started-at="2023-09-27T12:45:46 IST" name="testCase03" finished-at="2023-09-27T12:46:18 IST" duration-ms="32579" status="PASS">
          <reporter-output>
          </reporter-output>
        </test-method> <!-- testCase03 -->
        <test-method is-config="true" signature="tearDown()[pri:0, instance:LambdaTest.ProjectLambdaTest.TestScenario3@56528192]" started-at="2023-09-27T12:46:18 IST" name="tearDown" finished-at="2023-09-27T12:46:20 IST" duration-ms="1344" status="PASS">
          <reporter-output>
          </reporter-output>
        </test-method> <!-- tearDown -->
      </class> <!-- LambdaTest.ProjectLambdaTest.TestScenario3 -->
    </test> <!-- Default test -->
  </suite> <!-- Default suite -->
</testng-results>
